<?xml version="1.0" encoding="UTF-8"?>
<!-- Generated by org.testng.reporters.JUnitReportReporter -->
<testsuite hostname="KalaI" failures="0" tests="29" name="webapp.Testsuite" time="119.694" errors="0" timestamp="2023-03-25T10:23:40 IST" skipped="0">
  <testcase classname="webapp.Testsuite" name="openurl" time="5.736"/>
  <system-out>
    <![CDATA[TC1-Application Opened]]>
  </system-out>
  <testcase classname="webapp.Testsuite" name="Enterusrpwd" time="1.011"/>
  <system-out>
    <![CDATA[TC2- Username and password Entered]]>
  </system-out>
  <testcase classname="webapp.Testsuite" name="locationsel" time="3.043"/>
  <system-out>
    <![CDATA[TC3- Pick Location and Application logged in]]>
  </system-out>
  <testcase classname="webapp.Testsuite" name="verifydashboard" time="0.529"/>
  <system-out>
    <![CDATA[TC4- Application is logged Successfully]]>
  </system-out>
  <testcase classname="webapp.Testsuite" name="registerp" time="5.497"/>
  <system-out>
    <![CDATA[TC5- Clicked on Register Patient]]>
  </system-out>
  <testcase classname="webapp.Testsuite" name="Demographicsinfo" time="7.775"/>
  <system-out>
    <![CDATA[TC6- Logged Demographics Information]]>
  </system-out>
  <testcase classname="webapp.Testsuite" name="verifyDemographics" time="1.446"/>
  <system-out>
    <![CDATA[TC7- Verify Demographiices in confirm page Screen]]>
  </system-out>
  <testcase classname="webapp.Testsuite" name="verifyage" time="11.634"/>
  <system-out>
    <![CDATA[TC8- DOB Verification]]>
  </system-out>
  <testcase classname="webapp.Testsuite" name="StartVisit" time="8.112"/>
  <system-out>
    <![CDATA[TC9- Start and Confirm Visit]]>
  </system-out>
  <testcase classname="webapp.Testsuite" name="Attachmentupload" time="15.559"/>
  <system-out>
    <![CDATA[TC10- Attachment Upload]]>
  </system-out>
  <testcase classname="webapp.Testsuite" name="verifytoastermsg" time="1.359"/>
  <system-out>
    <![CDATA[TC11- Verified Toaster Message]]>
  </system-out>
  <testcase classname="webapp.Testsuite" name="RedirectPDscreen" time="3.775"/>
  <system-out>
    <![CDATA[TC12- Redirect to Patient Details Screen]]>
  </system-out>
  <testcase classname="webapp.Testsuite" name="Verifyattachment" time="2.108"/>
  <system-out>
    <![CDATA[TC13- Verify Attachment]]>
  </system-out>
  <testcase classname="webapp.Testsuite" name="verifyattachmenttag" time="1.248"/>
  <system-out>
    <![CDATA[TC4- Verify Attachment tag]]>
  </system-out>
  <testcase classname="webapp.Testsuite" name="Endvisit" time="3.627"/>
  <system-out>
    <![CDATA[TC15- End Visit]]>
  </system-out>
  <testcase classname="webapp.Testsuite" name="Startvisit" time="10.077"/>
  <system-out>
    <![CDATA[TC16- Start Visit & capture Vitals]]>
  </system-out>
  <testcase classname="webapp.Testsuite" name="EnterVitals" time="1.886"/>
  <system-out>
    <![CDATA[TC17- Enter and Verify Vitals info]]>
  </system-out>
  <testcase classname="webapp.Testsuite" name="ClickSaveForm" time="0.774"/>
  <system-out>
    <![CDATA[TC18-Click Save Form]]>
  </system-out>
  <testcase classname="webapp.Testsuite" name="EndVist" time="13.470"/>
  <system-out>
    <![CDATA[TC19-EndVist]]>
  </system-out>
  <testcase classname="webapp.Testsuite" name="VerifyVitalsPDScreen" time="1.031"/>
  <system-out>
    <![CDATA[TC20- Verify Vitals In PD Screen]]>
  </system-out>
  <testcase classname="webapp.Testsuite" name="VitalTag" time="0.548"/>
  <system-out>
    <![CDATA[TC21- Vital Tage Verification]]>
  </system-out>
  <testcase classname="webapp.Testsuite" name="MergeVisit" time="5.517"/>
  <system-out>
    <![CDATA[TC22- Merge Visit]]>
  </system-out>
  <testcase classname="webapp.Testsuite" name="RedirectPDscreen1" time="3.095"/>
  <system-out>
    <![CDATA[TC23-Redirect PD screen after Merge Visit ]]>
  </system-out>
  <testcase classname="webapp.Testsuite" name="MergeTagCheck" time="0.816"/>
  <system-out>
    <![CDATA[TC24- Merge Tag Check]]>
  </system-out>
  <testcase classname="webapp.Testsuite" name="AddPastVist" time="0.892"/>
  <system-out/>
  <testcase classname="webapp.Testsuite" name="RedirectPDScreen2" time="0.696"/>
  <system-out>
    <![CDATA[TC26- Redirect to PD Screen after DatePicker Check]]>
  </system-out>
  <testcase classname="webapp.Testsuite" name="DeletePatient" time="1.219"/>
  <system-out>
    <![CDATA[TC27- Delete patient]]>
  </system-out>
  <testcase classname="webapp.Testsuite" name="DeletePatientToastermsg" time="2.035"/>
  <system-out>
    <![CDATA[TC28- Delete patient toaster message Check]]>
  </system-out>
  <testcase classname="webapp.Testsuite" name="patientIDSearch" time="5.179"/>
  <system-out>
    <![CDATA[TC28- Delete patient toaster message Check]]>
  </system-out>
</testsuite> <!-- webapp.Testsuite -->
